C:\Users\tsu-me\Dropbox\01_シューティング\40_製造\10_原本\tomasen3\Debug\tomasen3.pdb
C:\Users\tsu-me\Dropbox\01_シューティング\40_製造\10_原本\tomasen3\tomasen3\Debug\cl.command.1.tlog
C:\Users\tsu-me\Dropbox\01_シューティング\40_製造\10_原本\tomasen3\tomasen3\Debug\CL.read.1.tlog
C:\Users\tsu-me\Dropbox\01_シューティング\40_製造\10_原本\tomasen3\tomasen3\Debug\CL.write.1.tlog
C:\USERS\TSU-ME\DROPBOX\01_シューティング\40_製造\10_原本\TOMASEN3\TOMASEN3\DEBUG\COMMON.OBJ
C:\USERS\TSU-ME\DROPBOX\01_シューティング\40_製造\10_原本\TOMASEN3\TOMASEN3\DEBUG\EVENT.OBJ
C:\USERS\TSU-ME\DROPBOX\01_シューティング\40_製造\10_原本\TOMASEN3\TOMASEN3\DEBUG\IMAGE.OBJ
C:\Users\tsu-me\Dropbox\01_シューティング\40_製造\10_原本\tomasen3\tomasen3\Debug\link.3584.read.1.tlog
C:\Users\tsu-me\Dropbox\01_シューティング\40_製造\10_原本\tomasen3\tomasen3\Debug\link.3584.write.1.tlog
C:\Users\tsu-me\Dropbox\01_シューティング\40_製造\10_原本\tomasen3\tomasen3\Debug\link.3584-cvtres.read.1.tlog
C:\Users\tsu-me\Dropbox\01_シューティング\40_製造\10_原本\tomasen3\tomasen3\Debug\link.3584-cvtres.write.1.tlog
C:\Users\tsu-me\Dropbox\01_シューティング\40_製造\10_原本\tomasen3\tomasen3\Debug\link.command.1.tlog
C:\Users\tsu-me\Dropbox\01_シューティング\40_製造\10_原本\tomasen3\tomasen3\Debug\link.read.1.tlog
C:\Users\tsu-me\Dropbox\01_シューティング\40_製造\10_原本\tomasen3\tomasen3\Debug\link.write.1.tlog
C:\Users\tsu-me\Dropbox\01_シューティング\40_製造\10_原本\tomasen3\tomasen3\Debug\link-cvtres.read.1.tlog
C:\Users\tsu-me\Dropbox\01_シューティング\40_製造\10_原本\tomasen3\tomasen3\Debug\link-cvtres.write.1.tlog
C:\USERS\TSU-ME\DROPBOX\01_シューティング\40_製造\10_原本\TOMASEN3\TOMASEN3\DEBUG\LOCALCOMMON.OBJ
C:\USERS\TSU-ME\DROPBOX\01_シューティング\40_製造\10_原本\TOMASEN3\TOMASEN3\DEBUG\MAIN.OBJ
C:\Users\tsu-me\Dropbox\01_シューティング\40_製造\10_原本\tomasen3\tomasen3\Debug\mt.command.1.tlog
C:\Users\tsu-me\Dropbox\01_シューティング\40_製造\10_原本\tomasen3\tomasen3\Debug\mt.read.1.tlog
C:\Users\tsu-me\Dropbox\01_シューティング\40_製造\10_原本\tomasen3\tomasen3\Debug\mt.write.1.tlog
C:\USERS\TSU-ME\DROPBOX\01_シューティング\40_製造\10_原本\TOMASEN3\TOMASEN3\DEBUG\OBJ_BULLET.OBJ
C:\USERS\TSU-ME\DROPBOX\01_シューティング\40_製造\10_原本\TOMASEN3\TOMASEN3\DEBUG\OBJ_EFFECT.OBJ
C:\USERS\TSU-ME\DROPBOX\01_シューティング\40_製造\10_原本\TOMASEN3\TOMASEN3\DEBUG\OBJ_ITEM.OBJ
C:\USERS\TSU-ME\DROPBOX\01_シューティング\40_製造\10_原本\TOMASEN3\TOMASEN3\DEBUG\OBJ_PARTS.OBJ
C:\USERS\TSU-ME\DROPBOX\01_シューティング\40_製造\10_原本\TOMASEN3\TOMASEN3\DEBUG\OBJ_PARTS_A.OBJ
C:\USERS\TSU-ME\DROPBOX\01_シューティング\40_製造\10_原本\TOMASEN3\TOMASEN3\DEBUG\OBJ_PARTS_B.OBJ
C:\USERS\TSU-ME\DROPBOX\01_シューティング\40_製造\10_原本\TOMASEN3\TOMASEN3\DEBUG\OBJ_PRINT.OBJ
C:\USERS\TSU-ME\DROPBOX\01_シューティング\40_製造\10_原本\TOMASEN3\TOMASEN3\DEBUG\OBJ_WING.OBJ
C:\USERS\TSU-ME\DROPBOX\01_シューティング\40_製造\10_原本\TOMASEN3\TOMASEN3\DEBUG\OBJ_WING_ENEMY.OBJ
C:\USERS\TSU-ME\DROPBOX\01_シューティング\40_製造\10_原本\TOMASEN3\TOMASEN3\DEBUG\OBJ_WING_FRIEND.OBJ
C:\USERS\TSU-ME\DROPBOX\01_シューティング\40_製造\10_原本\TOMASEN3\TOMASEN3\DEBUG\OBJECT.OBJ
C:\Users\tsu-me\Dropbox\01_シューティング\40_製造\10_原本\tomasen3\tomasen3\Debug\rc.command.1.tlog
C:\Users\tsu-me\Dropbox\01_シューティング\40_製造\10_原本\tomasen3\tomasen3\Debug\rc.read.1.tlog
C:\Users\tsu-me\Dropbox\01_シューティング\40_製造\10_原本\tomasen3\tomasen3\Debug\rc.write.1.tlog
C:\USERS\TSU-ME\DROPBOX\01_シューティング\40_製造\10_原本\TOMASEN3\TOMASEN3\DEBUG\TOMASEN.OBJ
C:\USERS\TSU-ME\DROPBOX\01_シューティング\40_製造\10_原本\TOMASEN3\TOMASEN3\DEBUG\TOMASEN3.EXE.EMBED.MANIFEST
C:\USERS\TSU-ME\DROPBOX\01_シューティング\40_製造\10_原本\TOMASEN3\TOMASEN3\DEBUG\TOMASEN3.EXE.EMBED.MANIFEST.RES
C:\Users\tsu-me\Dropbox\01_シューティング\40_製造\10_原本\tomasen3\tomasen3\Debug\tomasen3.exe.intermediate.manifest
C:\Users\tsu-me\Dropbox\01_シューティング\40_製造\10_原本\tomasen3\tomasen3\Debug\tomasen3.write.1.tlog
C:\Users\tsu-me\Dropbox\01_シューティング\40_製造\10_原本\tomasen3\tomasen3\Debug\tomasen3_manifest.rc
C:\Users\tsu-me\Dropbox\01_シューティング\40_製造\10_原本\tomasen3\tomasen3\Debug\vc100.idb
C:\USERS\TSU-ME\DROPBOX\01_シューティング\40_製造\10_原本\TOMASEN3\TOMASEN3\DEBUG\VC100.PDB
