c:\users\tsutaka\dropbox\01_シューティング\40_製造\10_原本\tomasen3\tomasen3\release\vc141.pdb
c:\users\tsutaka\dropbox\01_シューティング\40_製造\10_原本\tomasen3\tomasen3\release\obj_item.obj
c:\users\tsutaka\dropbox\01_シューティング\40_製造\10_原本\tomasen3\tomasen3\release\localcommon.obj
c:\users\tsutaka\dropbox\01_シューティング\40_製造\10_原本\tomasen3\tomasen3\release\image.obj
c:\users\tsutaka\dropbox\01_シューティング\40_製造\10_原本\tomasen3\tomasen3\release\common.obj
c:\users\tsutaka\dropbox\01_シューティング\40_製造\10_原本\tomasen3\tomasen3\release\tomasen.obj
c:\users\tsutaka\dropbox\01_シューティング\40_製造\10_原本\tomasen3\tomasen3\release\obj_wing_friend.obj
c:\users\tsutaka\dropbox\01_シューティング\40_製造\10_原本\tomasen3\tomasen3\release\obj_wing_enemy.obj
c:\users\tsutaka\dropbox\01_シューティング\40_製造\10_原本\tomasen3\tomasen3\release\obj_wing.obj
c:\users\tsutaka\dropbox\01_シューティング\40_製造\10_原本\tomasen3\tomasen3\release\obj_print.obj
c:\users\tsutaka\dropbox\01_シューティング\40_製造\10_原本\tomasen3\tomasen3\release\obj_parts_b.obj
c:\users\tsutaka\dropbox\01_シューティング\40_製造\10_原本\tomasen3\tomasen3\release\obj_parts_a.obj
c:\users\tsutaka\dropbox\01_シューティング\40_製造\10_原本\tomasen3\tomasen3\release\obj_parts.obj
c:\users\tsutaka\dropbox\01_シューティング\40_製造\10_原本\tomasen3\tomasen3\release\obj_effect.obj
c:\users\tsutaka\dropbox\01_シューティング\40_製造\10_原本\tomasen3\tomasen3\release\obj_bullet.obj
c:\users\tsutaka\dropbox\01_シューティング\40_製造\10_原本\tomasen3\tomasen3\release\object.obj
c:\users\tsutaka\dropbox\01_シューティング\40_製造\10_原本\tomasen3\tomasen3\release\main.obj
c:\users\tsutaka\dropbox\01_シューティング\40_製造\10_原本\tomasen3\tomasen3\release\event.obj
c:\users\tsutaka\dropbox\01_シューティング\40_製造\10_原本\tomasen3\release\tomasen3.exe
c:\users\tsutaka\dropbox\01_シューティング\40_製造\10_原本\tomasen3\release\tomasen3.pdb
c:\users\tsutaka\dropbox\01_シューティング\40_製造\10_原本\tomasen3\release\tomasen3.ipdb
c:\users\tsutaka\dropbox\01_シューティング\40_製造\10_原本\tomasen3\release\tomasen3.iobj
c:\users\tsutaka\dropbox\01_シューティング\40_製造\10_原本\tomasen3\tomasen3\release\tomasen3.tlog\cl.command.1.tlog
c:\users\tsutaka\dropbox\01_シューティング\40_製造\10_原本\tomasen3\tomasen3\release\tomasen3.tlog\cl.read.1.tlog
c:\users\tsutaka\dropbox\01_シューティング\40_製造\10_原本\tomasen3\tomasen3\release\tomasen3.tlog\cl.write.1.tlog
c:\users\tsutaka\dropbox\01_シューティング\40_製造\10_原本\tomasen3\tomasen3\release\tomasen3.tlog\link.command.1.tlog
c:\users\tsutaka\dropbox\01_シューティング\40_製造\10_原本\tomasen3\tomasen3\release\tomasen3.tlog\link.read.1.tlog
c:\users\tsutaka\dropbox\01_シューティング\40_製造\10_原本\tomasen3\tomasen3\release\tomasen3.tlog\link.write.1.tlog
c:\users\tsutaka\dropbox\01_シューティング\40_製造\10_原本\tomasen3\tomasen3\release\tomasen3.tlog\tomasen3.write.1u.tlog
